Determining if the pthread_create exist failed with the following output:
Change Dir: /home/ros/rosForIfly/build/CMakeFiles/CMakeTmp

Run Build Command:"/usr/bin/make" "cmTC_dd071/fast"
/usr/bin/make -f CMakeFiles/cmTC_dd071.dir/build.make CMakeFiles/cmTC_dd071.dir/build
make[1]: Entering directory '/home/ros/rosForIfly/build/CMakeFiles/CMakeTmp'
Building C object CMakeFiles/cmTC_dd071.dir/CheckSymbolExists.c.o
/usr/bin/cc    -o CMakeFiles/cmTC_dd071.dir/CheckSymbolExists.c.o   -c /home/ros/rosForIfly/build/CMakeFiles/CMakeTmp/CheckSymbolExists.c
Linking C executable cmTC_dd071
/usr/bin/cmake -E cmake_link_script CMakeFiles/cmTC_dd071.dir/link.txt --verbose=1
/usr/bin/cc      -rdynamic CMakeFiles/cmTC_dd071.dir/CheckSymbolExists.c.o  -o cmTC_dd071 
CMakeFiles/cmTC_dd071.dir/CheckSymbolExists.c.o: In function `main':
CheckSymbolExists.c:(.text+0x1b): undefined reference to `pthread_create'
collect2: error: ld returned 1 exit status
CMakeFiles/cmTC_dd071.dir/build.make:97: recipe for target 'cmTC_dd071' failed
make[1]: *** [cmTC_dd071] Error 1
make[1]: Leaving directory '/home/ros/rosForIfly/build/CMakeFiles/CMakeTmp'
Makefile:126: recipe for target 'cmTC_dd071/fast' failed
make: *** [cmTC_dd071/fast] Error 2

File /home/ros/rosForIfly/build/CMakeFiles/CMakeTmp/CheckSymbolExists.c:
/* */
#include <pthread.h>

int main(int argc, char** argv)
{
  (void)argv;
#ifndef pthread_create
  return ((int*)(&pthread_create))[argc];
#else
  (void)argc;
  return 0;
#endif
}

Determining if the function pthread_create exists in the pthreads failed with the following output:
Change Dir: /home/ros/rosForIfly/build/CMakeFiles/CMakeTmp

Run Build Command:"/usr/bin/make" "cmTC_09821/fast"
/usr/bin/make -f CMakeFiles/cmTC_09821.dir/build.make CMakeFiles/cmTC_09821.dir/build
make[1]: Entering directory '/home/ros/rosForIfly/build/CMakeFiles/CMakeTmp'
Building C object CMakeFiles/cmTC_09821.dir/CheckFunctionExists.c.o
/usr/bin/cc   -DCHECK_FUNCTION_EXISTS=pthread_create   -o CMakeFiles/cmTC_09821.dir/CheckFunctionExists.c.o   -c /usr/share/cmake-3.10/Modules/CheckFunctionExists.c
Linking C executable cmTC_09821
/usr/bin/cmake -E cmake_link_script CMakeFiles/cmTC_09821.dir/link.txt --verbose=1
/usr/bin/cc  -DCHECK_FUNCTION_EXISTS=pthread_create    -rdynamic CMakeFiles/cmTC_09821.dir/CheckFunctionExists.c.o  -o cmTC_09821 -lpthreads 
/usr/bin/ld: cannot find -lpthreads
collect2: error: ld returned 1 exit status
CMakeFiles/cmTC_09821.dir/build.make:97: recipe for target 'cmTC_09821' failed
make[1]: *** [cmTC_09821] Error 1
make[1]: Leaving directory '/home/ros/rosForIfly/build/CMakeFiles/CMakeTmp'
Makefile:126: recipe for target 'cmTC_09821/fast' failed
make: *** [cmTC_09821/fast] Error 2


